0 info it worked if it ends with ok
1 verbose cli [ '/Users/pierrickturelier/.nvm/versions/node/v5.10.1/bin/node',
1 verbose cli   '/Users/pierrickturelier/.nvm/versions/node/v5.10.1/bin/npm',
1 verbose cli   'run',
1 verbose cli   'serve' ]
2 info using npm@3.8.3
3 info using node@v5.10.1
4 verbose run-script [ 'preserve', 'serve', 'postserve' ]
5 info lifecycle presentation-postcss@0.0.0~preserve: presentation-postcss@0.0.0
6 silly lifecycle presentation-postcss@0.0.0~preserve: no script for preserve, continuing
7 info lifecycle presentation-postcss@0.0.0~serve: presentation-postcss@0.0.0
8 verbose lifecycle presentation-postcss@0.0.0~serve: unsafe-perm in lifecycle true
9 verbose lifecycle presentation-postcss@0.0.0~serve: PATH: /Users/pierrickturelier/.nvm/versions/node/v5.10.1/lib/node_modules/npm/bin/node-gyp-bin:/Users/pierrickturelier/Documents/02-Talk/00-PostCSS/00-Bespoke/node_modules/.bin:/Users/pierrickturelier/.nvm/versions/node/v5.10.1/bin:/Users/pierrickturelier/.rvm/gems/ruby-2.1.5/bin:/Users/pierrickturelier/.rvm/gems/ruby-2.1.5@global/bin:/Users/pierrickturelier/.rvm/rubies/ruby-2.1.5/bin:/Users/pierrickturelier/.nvm/versions/node/v5.10.1/bin:/usr/local/bin:/usr/bin:/bin:/usr/sbin:/sbin:/Applications/Server.app/Contents/ServerRoot/usr/bin:/Applications/Server.app/Contents/ServerRoot/usr/sbin:/Users/pierrickturelier/.rvm/bin
10 verbose lifecycle presentation-postcss@0.0.0~serve: CWD: /Users/pierrickturelier/Documents/02-Talk/00-PostCSS/00-Bespoke
11 silly lifecycle presentation-postcss@0.0.0~serve: Args: [ '-c', 'gulp serve' ]
12 silly lifecycle presentation-postcss@0.0.0~serve: Returned: code: 1  signal: null
13 info lifecycle presentation-postcss@0.0.0~serve: Failed to exec serve script
14 verbose stack Error: presentation-postcss@0.0.0 serve: `gulp serve`
14 verbose stack Exit status 1
14 verbose stack     at EventEmitter.<anonymous> (/Users/pierrickturelier/.nvm/versions/node/v5.10.1/lib/node_modules/npm/lib/utils/lifecycle.js:239:16)
14 verbose stack     at emitTwo (events.js:100:13)
14 verbose stack     at EventEmitter.emit (events.js:185:7)
14 verbose stack     at ChildProcess.<anonymous> (/Users/pierrickturelier/.nvm/versions/node/v5.10.1/lib/node_modules/npm/lib/utils/spawn.js:24:14)
14 verbose stack     at emitTwo (events.js:100:13)
14 verbose stack     at ChildProcess.emit (events.js:185:7)
14 verbose stack     at maybeClose (internal/child_process.js:850:16)
14 verbose stack     at Process.ChildProcess._handle.onexit (internal/child_process.js:215:5)
15 verbose pkgid presentation-postcss@0.0.0
16 verbose cwd /Users/pierrickturelier/Documents/02-Talk/00-PostCSS/00-Bespoke
17 error Darwin 15.6.0
18 error argv "/Users/pierrickturelier/.nvm/versions/node/v5.10.1/bin/node" "/Users/pierrickturelier/.nvm/versions/node/v5.10.1/bin/npm" "run" "serve"
19 error node v5.10.1
20 error npm  v3.8.3
21 error code ELIFECYCLE
22 error presentation-postcss@0.0.0 serve: `gulp serve`
22 error Exit status 1
23 error Failed at the presentation-postcss@0.0.0 serve script 'gulp serve'.
23 error Make sure you have the latest version of node.js and npm installed.
23 error If you do, this is most likely a problem with the presentation-postcss package,
23 error not with npm itself.
23 error Tell the author that this fails on your system:
23 error     gulp serve
23 error You can get information on how to open an issue for this project with:
23 error     npm bugs presentation-postcss
23 error Or if that isn't available, you can get their info via:
23 error     npm owner ls presentation-postcss
23 error There is likely additional logging output above.
24 verbose exit [ 1, true ]
